2026-03-16T13:27:49.869Z  INFO 1 --- [main] com.example.BackendApplication           : Starting BackendApplication v0.0.1-SNAPSHOT using Java 17.0.18 with PID 1 (/app/app.jar started by root in /app)
2026-03-16T13:27:49.874Z  INFO 1 --- [main] com.example.BackendApplication           : The following 1 profile is active: "docker"
2026-03-16T13:27:50.331Z  INFO 1 --- [main] o.s.b.w.embedded.tomcat.TomcatWebServer  : Tomcat initialized with port 7776 (http)
2026-03-16T13:27:50.336Z  INFO 1 --- [main] o.apache.catalina.core.StandardService   : Starting service [Tomcat]
2026-03-16T13:27:50.337Z  INFO 1 --- [main] o.apache.catalina.core.StandardEngine    : Starting Servlet engine: [Apache Tomcat/10.1.16]
2026-03-16T13:27:50.356Z  INFO 1 --- [main] o.a.c.c.C.[Tomcat].[localhost].[/]       : Initializing Spring embedded WebApplicationContext
2026-03-16T13:27:50.356Z  INFO 1 --- [main] w.s.c.ServletWebServerApplicationContext : Root WebApplicationContext: initialization completed in 432 ms
2026-03-16T13:27:50.520Z  INFO 1 --- [main] o.s.b.w.embedded.tomcat.TomcatWebServer  : Tomcat started on port 7776 (http) with context path ''
2026-03-16T13:27:50.530Z  INFO 1 --- [main] com.example.BackendApplication           : Started BackendApplication in 0.918 seconds (process running for 1.249)
2026-03-16T13:27:50.531Z ERROR 1 --- [main] com.example.BackendApplication           : java.lang.NullPointerException: Cannot invoke "java.lang.Integer.toString()" because "a" is null
2026-03-16T13:28:06.692Z  INFO 1 --- [http-nio-7776-exec-1] o.a.c.c.C.[Tomcat].[localhost].[/]       : Initializing Spring DispatcherServlet 'dispatcherServlet'
2026-03-16T13:28:06.693Z  INFO 1 --- [http-nio-7776-exec-1] o.s.web.servlet.DispatcherServlet        : Initializing Servlet 'dispatcherServlet'
2026-03-16T13:28:06.694Z  INFO 1 --- [http-nio-7776-exec-1] o.s.web.servlet.DispatcherServlet        : Completed initialization in 1 ms
2026-03-16T13:28:06.707Z  INFO 1 --- [http-nio-7776-exec-1] com.example.HelloController              : yio/api/hello 进来了
2026-03-16T13:28:07.447Z  INFO 1 --- [http-nio-7776-exec-2] com.example.HelloController              : yio/api/hello 进来了
2026-03-16T13:28:07.996Z  INFO 1 --- [http-nio-7776-exec-3] com.example.HelloController              : yio/api/hello 进来了
2026-03-16T14:10:32.041Z  INFO 1 --- [main] com.example.BackendApplication           : Starting BackendApplication v0.0.1-SNAPSHOT using Java 17.0.18 with PID 1 (/app/app.jar started by root in /app)
2026-03-16T14:10:32.044Z  INFO 1 --- [main] com.example.BackendApplication           : The following 1 profile is active: "docker"
2026-03-16T14:10:32.453Z  INFO 1 --- [main] o.s.b.w.embedded.tomcat.TomcatWebServer  : Tomcat initialized with port 7776 (http)
2026-03-16T14:10:32.456Z  INFO 1 --- [main] o.apache.catalina.core.StandardService   : Starting service [Tomcat]
2026-03-16T14:10:32.457Z  INFO 1 --- [main] o.apache.catalina.core.StandardEngine    : Starting Servlet engine: [Apache Tomcat/10.1.16]
2026-03-16T14:10:32.473Z  INFO 1 --- [main] o.a.c.c.C.[Tomcat].[localhost].[/]       : Initializing Spring embedded WebApplicationContext
2026-03-16T14:10:32.473Z  INFO 1 --- [main] w.s.c.ServletWebServerApplicationContext : Root WebApplicationContext: initialization completed in 390 ms
2026-03-16T14:10:32.621Z  INFO 1 --- [main] o.s.b.w.embedded.tomcat.TomcatWebServer  : Tomcat started on port 7776 (http) with context path ''
2026-03-16T14:10:32.628Z  INFO 1 --- [main] com.example.BackendApplication           : Started BackendApplication in 0.828 seconds (process running for 1.093)
2026-03-16T14:10:32.630Z ERROR 1 --- [main] com.example.BackendApplication           : java.lang.NullPointerException: Cannot invoke "java.lang.Integer.toString()" because "a" is null
2026-03-16T14:12:08.011Z  INFO 1 --- [main] com.example.BackendApplication           : Starting BackendApplication v0.0.1-SNAPSHOT using Java 17.0.18 with PID 1 (/app/app.jar started by root in /app)
2026-03-16T14:12:08.013Z  INFO 1 --- [main] com.example.BackendApplication           : The following 1 profile is active: "docker"
2026-03-16T14:12:08.397Z  INFO 1 --- [main] o.s.b.w.embedded.tomcat.TomcatWebServer  : Tomcat initialized with port 7776 (http)
2026-03-16T14:12:08.401Z  INFO 1 --- [main] o.apache.catalina.core.StandardService   : Starting service [Tomcat]
2026-03-16T14:12:08.401Z  INFO 1 --- [main] o.apache.catalina.core.StandardEngine    : Starting Servlet engine: [Apache Tomcat/10.1.16]
2026-03-16T14:12:08.417Z  INFO 1 --- [main] o.a.c.c.C.[Tomcat].[localhost].[/]       : Initializing Spring embedded WebApplicationContext
2026-03-16T14:12:08.417Z  INFO 1 --- [main] w.s.c.ServletWebServerApplicationContext : Root WebApplicationContext: initialization completed in 359 ms
2026-03-16T14:12:08.588Z  INFO 1 --- [main] o.s.b.w.embedded.tomcat.TomcatWebServer  : Tomcat started on port 7776 (http) with context path ''
2026-03-16T14:12:08.596Z  INFO 1 --- [main] com.example.BackendApplication           : Started BackendApplication in 0.803 seconds (process running for 1.023)
2026-03-16T14:12:08.597Z ERROR 1 --- [main] com.example.BackendApplication           : java.lang.NullPointerException: Cannot invoke "java.lang.Integer.toString()" because "a" is null
2026-03-16T14:12:14.148Z  INFO 1 --- [http-nio-7776-exec-1] o.a.c.c.C.[Tomcat].[localhost].[/]       : Initializing Spring DispatcherServlet 'dispatcherServlet'
2026-03-16T14:12:14.148Z  INFO 1 --- [http-nio-7776-exec-1] o.s.web.servlet.DispatcherServlet        : Initializing Servlet 'dispatcherServlet'
2026-03-16T14:12:14.149Z  INFO 1 --- [http-nio-7776-exec-1] o.s.web.servlet.DispatcherServlet        : Completed initialization in 0 ms
2026-03-16T14:13:25.718Z  INFO 1 --- [http-nio-7776-exec-6] com.example.HelloController              : yio/api/hello 进来了
2026-03-16T14:25:50.078Z  INFO 1 --- [main] com.example.BackendApplication           : Starting BackendApplication v0.0.1-SNAPSHOT using Java 17.0.18 with PID 1 (/app/app.jar started by root in /app)
2026-03-16T14:25:50.079Z  INFO 1 --- [main] com.example.BackendApplication           : The following 1 profile is active: "docker"
2026-03-16T14:25:50.525Z  INFO 1 --- [main] o.s.b.w.embedded.tomcat.TomcatWebServer  : Tomcat initialized with port 7776 (http)
2026-03-16T14:25:50.529Z  INFO 1 --- [main] o.apache.catalina.core.StandardService   : Starting service [Tomcat]
2026-03-16T14:25:50.530Z  INFO 1 --- [main] o.apache.catalina.core.StandardEngine    : Starting Servlet engine: [Apache Tomcat/10.1.16]
2026-03-16T14:25:50.548Z  INFO 1 --- [main] o.a.c.c.C.[Tomcat].[localhost].[/]       : Initializing Spring embedded WebApplicationContext
2026-03-16T14:25:50.549Z  INFO 1 --- [main] w.s.c.ServletWebServerApplicationContext : Root WebApplicationContext: initialization completed in 425 ms
2026-03-16T14:25:50.726Z  INFO 1 --- [main] o.s.b.w.embedded.tomcat.TomcatWebServer  : Tomcat started on port 7776 (http) with context path ''
2026-03-16T14:25:50.733Z  INFO 1 --- [main] com.example.BackendApplication           : Started BackendApplication in 0.903 seconds (process running for 1.118)
2026-03-16T14:25:50.734Z ERROR 1 --- [main] com.example.BackendApplication           : java.lang.NullPointerException: Cannot invoke "java.lang.Integer.toString()" because "a" is null
2026-03-16T14:26:00.596Z  INFO 1 --- [http-nio-7776-exec-1] o.a.c.c.C.[Tomcat].[localhost].[/]       : Initializing Spring DispatcherServlet 'dispatcherServlet'
2026-03-16T14:26:00.597Z  INFO 1 --- [http-nio-7776-exec-1] o.s.web.servlet.DispatcherServlet        : Initializing Servlet 'dispatcherServlet'
2026-03-16T14:26:00.602Z  INFO 1 --- [http-nio-7776-exec-1] o.s.web.servlet.DispatcherServlet        : Completed initialization in 4 ms
2026-03-16T14:26:00.620Z  INFO 1 --- [http-nio-7776-exec-1] com.example.HelloController              : yio/api/hello 进来了
2026-03-16T15:02:00.081Z  INFO 1 --- [main] com.example.BackendApplication           : Starting BackendApplication v0.0.1-SNAPSHOT using Java 17.0.18 with PID 1 (/app/app.jar started by root in /app)
2026-03-16T15:02:00.085Z  INFO 1 --- [main] com.example.BackendApplication           : The following 1 profile is active: "docker"
2026-03-16T15:02:00.461Z  INFO 1 --- [main] o.s.b.w.embedded.tomcat.TomcatWebServer  : Tomcat initialized with port 8080 (http)
2026-03-16T15:02:00.466Z  INFO 1 --- [main] o.apache.catalina.core.StandardService   : Starting service [Tomcat]
2026-03-16T15:02:00.466Z  INFO 1 --- [main] o.apache.catalina.core.StandardEngine    : Starting Servlet engine: [Apache Tomcat/10.1.16]
2026-03-16T15:02:00.482Z  INFO 1 --- [main] o.a.c.c.C.[Tomcat].[localhost].[/]       : Initializing Spring embedded WebApplicationContext
2026-03-16T15:02:00.482Z  INFO 1 --- [main] w.s.c.ServletWebServerApplicationContext : Root WebApplicationContext: initialization completed in 355 ms
2026-03-16T15:02:00.631Z  INFO 1 --- [main] o.s.b.w.embedded.tomcat.TomcatWebServer  : Tomcat started on port 8080 (http) with context path ''
2026-03-16T15:02:00.638Z  INFO 1 --- [main] com.example.BackendApplication           : Started BackendApplication in 0.774 seconds (process running for 1.049)
2026-03-16T15:02:00.639Z ERROR 1 --- [main] com.example.BackendApplication           : java.lang.NullPointerException: Cannot invoke "java.lang.Integer.toString()" because "a" is null
2026-03-16T15:02:24.118Z  INFO 1 --- [http-nio-8080-exec-1] o.a.c.c.C.[Tomcat].[localhost].[/]       : Initializing Spring DispatcherServlet 'dispatcherServlet'
2026-03-16T15:02:24.120Z  INFO 1 --- [http-nio-8080-exec-1] o.s.web.servlet.DispatcherServlet        : Initializing Servlet 'dispatcherServlet'
2026-03-16T15:02:24.122Z  INFO 1 --- [http-nio-8080-exec-1] o.s.web.servlet.DispatcherServlet        : Completed initialization in 1 ms
2026-03-16T15:02:24.137Z  INFO 1 --- [http-nio-8080-exec-1] com.example.HelloController              : yio/api/hello 进来了
2026-03-16T15:02:41.555Z  INFO 1 --- [http-nio-8080-exec-2] com.example.HelloController              : yio/api/hello 进来了
2026-03-16T15:02:50.825Z  INFO 1 --- [http-nio-8080-exec-3] com.example.HelloController              : yio/api/hello 进来了
